<?xml version="1.0" encoding="UTF-8"?>
<testng-results skipped="0" failed="0" total="0" passed="0">
  <reporter-output>
  </reporter-output>
  <suite name="Surefire suite" duration-ms="306616" started-at="2015-12-21T13:54:03Z" finished-at="2015-12-21T13:59:10Z">
    <groups>
    </groups>
    <test name="Surefire test" duration-ms="306616" started-at="2015-12-21T13:54:03Z" finished-at="2015-12-21T13:59:10Z">
    </test> <!-- Surefire test -->
  </suite> <!-- Surefire suite -->
</testng-results>
