<!DOCTYPE html>
<html xmlns="http://www.w3.org/1999/xhtml">
<head>
<meta http-equiv="Content-Type" content="text/html; charset=UTF-8" />
	<title>Cucumber-JVM Html Reports - Feature: E2E Test </title>
	<link rel="stylesheet" href="blue/css/style.css" type="text/css" media="screen" />
	<link rel="stylesheet" href="blue/css/skin/style.css" type="text/css" media="screen" />
	<link rel="stylesheet" href="blue/css/960.css" type="text/css" media="screen" />
	<link rel="stylesheet" href="blue/css/reset.css" type="text/css" media="screen" />
	<link rel="stylesheet" href="blue/css/text.css" type="text/css" media="screen" />
	<link rel="shortcut icon" href="blue/favicon.ico" />
    <style>
    .CodeMirror-scroll {
      height: auto;
      overflow-y: hidden;
      overflow-x: auto;
    }

.feature-keyword{font-weight:bold;}
.feature-description{padding-left:15px;font-style:italic;background-color:beige;}
.feature-role{font-weight:bold;}
.feature-action{font-weight:bold;}
.feature-value{font-weight:bold;}
.feature-tags{padding-top:10px;padding-left:15px;color:darkblue;}
.scenario-keyword{font-weight:bold;padding-left:15px;}
.scenario-scenario_name{padding-left:15px;}
.step-keyword{font-weight:bold;padding-left:50px;}
.step-error-message{background-color:#FFEEEE;padding-left:50px;border: 1px solid #D88A8A;}
.step-duration{float:right;padding-right:15px;}
.passed{background-color:#C5D88A;}
.failed{background-color:#D88A8A;}
.skipped{background-color:#2DEAEC;}
.undefined{background-color: #ebcc81;}

table.stats-table {
color:black;
border-width: 1px;
border-spacing: 2px;
border-style: outset;
border-color: gray;
border-collapse: collapse;
background-color: white;
}
table.stats-table th {
color:black;
border-width: 1px;
padding: 5px;
border-style: inset;
border-color: gray;
background-color: #66CCEE;
-moz-border-radius: ;
}
table.stats-table td {
color:black;
text-align: center;
border-width: 1px;
padding: 5px;
border-style: inset;
border-color: gray;
background-color: white;
-moz-border-radius: ;
}

table.data-table {
    color: black;
    border-width: 1px;
    border-spacing: 2px;
    border-style: outset;
    border-color: #d6d6d6;
    border-collapse: collapse;
    background-color: beige;
}
table.data-table th {
    color:black;
    border-width: 1px;
    padding: 5px;
    border-style: inset;
    border-color: #d6d6d6;
    background-color: #66CCEE;
}
table.data-table td {
    color:black;
    text-align: center;
    border-width: 1px;
    padding: 5px;
    border-style: inset;
    border-color: #d6d6d6;
    background-color: beige;
}

.data {
   padding-left:50px;
    padding-bottom: 10px;
    padding-top: 10px;
}

.output-data {
    padding-left:50px;
    background-color: beige;
}

.doc-string {
    width:auto;
    display:inline-block;
    margin: 10px auto 10px 70px;
    padding: 10px;
    background-color:rgba(255,255,255,0.35);
    border-radius: 10px;
    font-family: "Courier New", Courier, monospace;
    font-size: 95%;
}
</style>

</head>
<body id="top">
	<div id="fullwidth_header">
		<div class="container_12">
			<h1 class="grid_4 logo"><a href="feature-overview.html" class='ie6fix'>Cucumber</a></h1>
			<div class="grid_6" id="nav">
				<ul>
                    					<li><a href="tag-overview.html">Tag Overview</a></li>
					<li><a href="feature-overview.html">Feature Overview</a></li>
				</ul>
			</div>
		</div>
	</div>
	<div id="fullwidth_gradient">
		<div class="container_12">
			<div class="grid_9 heading">
				<h2 id="feature-title">Feature Result for Build: 1</h2>
			</div>
		</div>
	</div>

	<div class="container_12">
		<div class="grid_12">

            <div>
                <table class="stats-table">
                    <tr>
    <th></th>
    <th id="stats-header-scenarios" colspan="3">Scenarios</th>
    <th id="stats-header-steps" colspan="5">Steps</th>
    <th></th>
    <th></th>
</tr>
<tr>
    <th id="stats-header-feature">Feature</th>
    <th id="stats-header-scenarios-total">Total</th>
    <th id="stats-header-scenarios-passed">Passed</th>
    <th id="stats-header-scenarios-failed">Failed</th>
    <th id="stats-header-steps-total">Total</th>
    <th id="stats-header-steps-passed" style="background-color:#C5D88A;">Passed</th>
    <th id="stats-header-steps-failed" style="background-color:#D88A8A;">Failed</th>
    <th id="stats-header-steps-skipped" style="background-color:#2DEAEC;">Skipped</th>
    <th id="stats-header-steps-pending" style="background-color:#ebcc81;">Pending</th>
    <th id="stats-header-duration">Duration</th>
    <th id="stats-header-status">Status</th>
</tr>

                    <tr>
                        <td><a id="stats-E2E Test" href="eetest.feature.html">E2E Test</a></td>
                        <td id="stats-number-scenarios-E2E Test">1</td>
                        <td id="stats-number-scenarios-passed-E2E Test">0</td>
                        <td id="stats-number-scenarios-failed-E2E Test">1</td>
                        <td id="stats-number-steps-E2E Test">9</td>
                        <td id="stats-number-steps-passed-E2E Test">0</td>
                        <td id="stats-number-steps-failed-E2E Test">1</td>
                        <td id="stats-number-steps-skipped-E2E Test">8</td>
                        <td id="stats-number-steps-pending-E2E Test">0</td>
                        <td id="stats-duration-E2E Test">83 ms</td>
                        <td id="stats-status-E2E Test" style="background-color: #D88A8A;">failed</td></tr>

                </table>

            </div>

		<div style="color:black;">

            <div class="feature-tags">@ee</div>
            <div class="failed"><div class="feature-line"><span class="feature-keyword">Feature:</span> E2E Test</div></div>
            

                            <div class="feature-tags"></div>
                <div class="failed"><span class="scenario-keyword">Scenario: </span> <span class="scenario-name">Happy path flow - from entering site to purchase confirmation</span></div>
                                  <div class="failed"><span class="step-keyword">Given  </span><span class="step-name">I am on Dollskill page</span><span class="step-duration">83 ms</span><div class="step-error-message"><pre>org.openqa.selenium.remote.UnreachableBrowserException: Could not start a new session. Possible causes are invalid address of the remote server or browser start-up failure.
Build info: version: '2.48.0', revision: 'b7b081a4f1289f17e8ecd38bc67e137c2a12e34a', time: '2015-10-07 09:50:14'
System info: host: 'MacBook-Pro-vadim.local', ip: '192.168.0.187', os.name: 'Mac OS X', os.arch: 'x86_64', os.version: '10.11.3', java.version: '1.8.0_66'
Driver info: driver.version: ChromeDriver
	at org.openqa.selenium.remote.RemoteWebDriver.execute(RemoteWebDriver.java:641)
	at org.openqa.selenium.remote.RemoteWebDriver.startSession(RemoteWebDriver.java:247)
	at org.openqa.selenium.remote.RemoteWebDriver.<init>(RemoteWebDriver.java:129)
	at org.openqa.selenium.remote.RemoteWebDriver.<init>(RemoteWebDriver.java:142)
	at org.openqa.selenium.chrome.ChromeDriver.<init>(ChromeDriver.java:170)
	at org.openqa.selenium.chrome.ChromeDriver.<init>(ChromeDriver.java:159)
	at org.openqa.selenium.chrome.ChromeDriver.<init>(ChromeDriver.java:116)
	at com.maven.classes.Config.<init>(Config.java:37)
	at com.maven.classes.eeSteps.<init>(eeSteps.java:20)
	at sun.reflect.NativeConstructorAccessorImpl.newInstance0(Native Method)
	at sun.reflect.NativeConstructorAccessorImpl.newInstance(NativeConstructorAccessorImpl.java:62)
	at sun.reflect.DelegatingConstructorAccessorImpl.newInstance(DelegatingConstructorAccessorImpl.java:45)
	at java.lang.reflect.Constructor.newInstance(Constructor.java:422)
	at org.picocontainer.injectors.AbstractInjector.newInstance(AbstractInjector.java:145)
	at org.picocontainer.injectors.ConstructorInjector$1.run(ConstructorInjector.java:342)
	at org.picocontainer.injectors.AbstractInjector$ThreadLocalCyclicDependencyGuard.observe(AbstractInjector.java:270)
	at org.picocontainer.injectors.ConstructorInjector.getComponentInstance(ConstructorInjector.java:364)
	at org.picocontainer.behaviors.AbstractBehavior.getComponentInstance(AbstractBehavior.java:64)
	at org.picocontainer.behaviors.Stored.getComponentInstance(Stored.java:91)
	at org.picocontainer.DefaultPicoContainer.getInstance(DefaultPicoContainer.java:698)
	at org.picocontainer.DefaultPicoContainer.getComponent(DefaultPicoContainer.java:646)
	at org.picocontainer.DefaultPicoContainer.getComponent(DefaultPicoContainer.java:677)
	at cucumber.runtime.java.picocontainer.PicoFactory.getInstance(PicoFactory.java:35)
	at cucumber.runtime.java.JavaStepDefinition.execute(JavaStepDefinition.java:35)
	at cucumber.runtime.StepDefinitionMatch.runStep(StepDefinitionMatch.java:37)
	at cucumber.runtime.Runtime.runStep(Runtime.java:298)
	at cucumber.runtime.model.StepContainer.runStep(StepContainer.java:44)
	at cucumber.runtime.model.StepContainer.runSteps(StepContainer.java:39)
	at cucumber.runtime.model.CucumberScenario.run(CucumberScenario.java:48)
	at cucumber.runtime.junit.ExecutionUnitRunner.run(ExecutionUnitRunner.java:91)
	at cucumber.runtime.junit.FeatureRunner.runChild(FeatureRunner.java:63)
	at cucumber.runtime.junit.FeatureRunner.runChild(FeatureRunner.java:18)
	at org.junit.runners.ParentRunner$3.run(ParentRunner.java:238)
	at org.junit.runners.ParentRunner$1.schedule(ParentRunner.java:63)
	at org.junit.runners.ParentRunner.runChildren(ParentRunner.java:236)
	at org.junit.runners.ParentRunner.access$000(ParentRunner.java:53)
	at org.junit.runners.ParentRunner$2.evaluate(ParentRunner.java:229)
	at org.junit.runners.ParentRunner.run(ParentRunner.java:309)
	at cucumber.runtime.junit.FeatureRunner.run(FeatureRunner.java:70)
	at cucumber.api.junit.Cucumber.runChild(Cucumber.java:89)
	at cucumber.api.junit.Cucumber.runChild(Cucumber.java:40)
	at org.junit.runners.ParentRunner$3.run(ParentRunner.java:238)
	at org.junit.runners.ParentRunner$1.schedule(ParentRunner.java:63)
	at org.junit.runners.ParentRunner.runChildren(ParentRunner.java:236)
	at org.junit.runners.ParentRunner.access$000(ParentRunner.java:53)
	at org.junit.runners.ParentRunner$2.evaluate(ParentRunner.java:229)
	at org.junit.runners.ParentRunner.run(ParentRunner.java:309)
	at cucumber.api.junit.Cucumber.run(Cucumber.java:94)
	at org.junit.runner.JUnitCore.run(JUnitCore.java:160)
	at org.junit.runner.JUnitCore.run(JUnitCore.java:138)
	at org.testng.junit.JUnit4TestRunner.start(JUnit4TestRunner.java:81)
	at org.testng.junit.JUnit4TestRunner.run(JUnit4TestRunner.java:69)
	at org.testng.TestRunner$1.run(TestRunner.java:682)
	at org.testng.TestRunner.runWorkers(TestRunner.java:1005)
	at org.testng.TestRunner.privateRunJUnit(TestRunner.java:713)
	at org.testng.TestRunner.run(TestRunner.java:614)
	at org.testng.SuiteRunner.runTest(SuiteRunner.java:348)
	at org.testng.SuiteRunner.runSequentially(SuiteRunner.java:343)
	at org.testng.SuiteRunner.privateRun(SuiteRunner.java:305)
	at org.testng.SuiteRunner.run(SuiteRunner.java:254)
	at org.testng.SuiteRunnerWorker.runSuite(SuiteRunnerWorker.java:52)
	at org.testng.SuiteRunnerWorker.run(SuiteRunnerWorker.java:86)
	at org.testng.TestNG.runSuitesSequentially(TestNG.java:1224)
	at org.testng.TestNG.runSuitesLocally(TestNG.java:1149)
	at org.testng.TestNG.run(TestNG.java:1057)
	at org.apache.maven.surefire.testng.TestNGExecutor.run(TestNGExecutor.java:132)
	at org.apache.maven.surefire.testng.TestNGDirectoryTestSuite.executeSingleClass(TestNGDirectoryTestSuite.java:112)
	at org.apache.maven.surefire.testng.TestNGDirectoryTestSuite.execute(TestNGDirectoryTestSuite.java:99)
	at org.apache.maven.surefire.testng.TestNGProvider.invoke(TestNGProvider.java:147)
	at org.apache.maven.surefire.booter.ForkedBooter.invokeProviderInSameClassLoader(ForkedBooter.java:290)
	at org.apache.maven.surefire.booter.ForkedBooter.runSuitesInProcess(ForkedBooter.java:242)
	at org.apache.maven.surefire.booter.ForkedBooter.main(ForkedBooter.java:121)
	at âœ½.Given I am on Dollskill page(eetest.feature:5)
Caused by: org.openqa.selenium.WebDriverException: org.apache.http.conn.HttpHostConnectException: Connect to localhost:1985 [localhost/127.0.0.1, localhost/0:0:0:0:0:0:0:1] failed: Connection refused
Build info: version: '2.48.0', revision: 'b7b081a4f1289f17e8ecd38bc67e137c2a12e34a', time: '2015-10-07 09:50:14'
System info: host: 'MacBook-Pro-vadim.local', ip: '192.168.0.187', os.name: 'Mac OS X', os.arch: 'x86_64', os.version: '10.11.3', java.version: '1.8.0_66'
Driver info: driver.version: ChromeDriver
	at org.openqa.selenium.remote.service.DriverCommandExecutor.execute(DriverCommandExecutor.java:91)
	at org.openqa.selenium.remote.RemoteWebDriver.execute(RemoteWebDriver.java:620)
	at org.openqa.selenium.remote.RemoteWebDriver.startSession(RemoteWebDriver.java:247)
	at org.openqa.selenium.remote.RemoteWebDriver.<init>(RemoteWebDriver.java:129)
	at org.openqa.selenium.remote.RemoteWebDriver.<init>(RemoteWebDriver.java:142)
	at org.openqa.selenium.chrome.ChromeDriver.<init>(ChromeDriver.java:170)
	at org.openqa.selenium.chrome.ChromeDriver.<init>(ChromeDriver.java:159)
	at org.openqa.selenium.chrome.ChromeDriver.<init>(ChromeDriver.java:116)
	at com.maven.classes.Config.<init>(Config.java:37)
	at com.maven.classes.eeSteps.<init>(eeSteps.java:20)
	at sun.reflect.NativeConstructorAccessorImpl.newInstance0(Native Method)
	at sun.reflect.NativeConstructorAccessorImpl.newInstance(NativeConstructorAccessorImpl.java:62)
	at sun.reflect.DelegatingConstructorAccessorImpl.newInstance(DelegatingConstructorAccessorImpl.java:45)
	at java.lang.reflect.Constructor.newInstance(Constructor.java:422)
	at org.picocontainer.injectors.AbstractInjector.newInstance(AbstractInjector.java:145)
	at org.picocontainer.injectors.ConstructorInjector$1.run(ConstructorInjector.java:342)
	at org.picocontainer.injectors.AbstractInjector$ThreadLocalCyclicDependencyGuard.observe(AbstractInjector.java:270)
	at org.picocontainer.injectors.ConstructorInjector.getComponentInstance(ConstructorInjector.java:364)
	at org.picocontainer.behaviors.AbstractBehavior.getComponentInstance(AbstractBehavior.java:64)
	at org.picocontainer.behaviors.Stored.getComponentInstance(Stored.java:91)
	at org.picocontainer.DefaultPicoContainer.getInstance(DefaultPicoContainer.java:698)
	at org.picocontainer.DefaultPicoContainer.getComponent(DefaultPicoContainer.java:646)
	at org.picocontainer.DefaultPicoContainer.getComponent(DefaultPicoContainer.java:677)
	at cucumber.runtime.java.picocontainer.PicoFactory.getInstance(PicoFactory.java:35)
	at cucumber.runtime.java.JavaStepDefinition.execute(JavaStepDefinition.java:35)
	at cucumber.runtime.StepDefinitionMatch.runStep(StepDefinitionMatch.java:37)
	at cucumber.runtime.Runtime.runStep(Runtime.java:298)
	at cucumber.runtime.model.StepContainer.runStep(StepContainer.java:44)
	at cucumber.runtime.model.StepContainer.runSteps(StepContainer.java:39)
	at cucumber.runtime.model.CucumberScenario.run(CucumberScenario.java:48)
	at cucumber.runtime.junit.ExecutionUnitRunner.run(ExecutionUnitRunner.java:91)
	at cucumber.runtime.junit.FeatureRunner.runChild(FeatureRunner.java:63)
	at cucumber.runtime.junit.FeatureRunner.runChild(FeatureRunner.java:18)
	at org.junit.runners.ParentRunner$3.run(ParentRunner.java:238)
	at org.junit.runners.ParentRunner$1.schedule(ParentRunner.java:63)
	at org.junit.runners.ParentRunner.runChildren(ParentRunner.java:236)
	at org.junit.runners.ParentRunner.access$000(ParentRunner.java:53)
	at org.junit.runners.ParentRunner$2.evaluate(ParentRunner.java:229)
	at org.junit.runners.ParentRunner.run(ParentRunner.java:309)
	at cucumber.runtime.junit.FeatureRunner.run(FeatureRunner.java:70)
	at cucumber.api.junit.Cucumber.runChild(Cucumber.java:89)
	at cucumber.api.junit.Cucumber.runChild(Cucumber.java:40)
	at org.junit.runners.ParentRunner$3.run(ParentRunner.java:238)
	at org.junit.runners.ParentRunner$1.schedule(ParentRunner.java:63)
	at org.junit.runners.ParentRunner.runChildren(ParentRunner.java:236)
	at org.junit.runners.ParentRunner.access$000(ParentRunner.java:53)
	at org.junit.runners.ParentRunner$2.evaluate(ParentRunner.java:229)
	at org.junit.runners.ParentRunner.run(ParentRunner.java:309)
	at cucumber.api.junit.Cucumber.run(Cucumber.java:94)
	at org.junit.runner.JUnitCore.run(JUnitCore.java:160)
	at org.junit.runner.JUnitCore.run(JUnitCore.java:138)
	at org.testng.junit.JUnit4TestRunner.start(JUnit4TestRunner.java:81)
	at org.testng.junit.JUnit4TestRunner.run(JUnit4TestRunner.java:69)
	at org.testng.TestRunner$1.run(TestRunner.java:682)
	at org.testng.TestRunner.runWorkers(TestRunner.java:1005)
	at org.testng.TestRunner.privateRunJUnit(TestRunner.java:713)
	at org.testng.TestRunner.run(TestRunner.java:614)
	at org.testng.SuiteRunner.runTest(SuiteRunner.java:348)
	at org.testng.SuiteRunner.runSequentially(SuiteRunner.java:343)
	at org.testng.SuiteRunner.privateRun(SuiteRunner.java:305)
	at org.testng.SuiteRunner.run(SuiteRunner.java:254)
	at org.testng.SuiteRunnerWorker.runSuite(SuiteRunnerWorker.java:52)
	at org.testng.SuiteRunnerWorker.run(SuiteRunnerWorker.java:86)
	at org.testng.TestNG.runSuitesSequentially(TestNG.java:1224)
	at org.testng.TestNG.runSuitesLocally(TestNG.java:1149)
	at org.testng.TestNG.run(TestNG.java:1057)
	at org.apache.maven.surefire.testng.TestNGExecutor.run(TestNGExecutor.java:132)
	at org.apache.maven.surefire.testng.TestNGDirectoryTestSuite.executeSingleClass(TestNGDirectoryTestSuite.java:112)
	at org.apache.maven.surefire.testng.TestNGDirectoryTestSuite.execute(TestNGDirectoryTestSuite.java:99)
	at org.apache.maven.surefire.testng.TestNGProvider.invoke(TestNGProvider.java:147)
	at org.apache.maven.surefire.booter.ForkedBooter.invokeProviderInSameClassLoader(ForkedBooter.java:290)
	at org.apache.maven.surefire.booter.ForkedBooter.runSuitesInProcess(ForkedBooter.java:242)
	at org.apache.maven.surefire.booter.ForkedBooter.main(ForkedBooter.java:121)
Caused by: org.apache.http.conn.HttpHostConnectException: Connect to localhost:1985 [localhost/127.0.0.1, localhost/0:0:0:0:0:0:0:1] failed: Connection refused
	at org.apache.http.impl.conn.DefaultHttpClientConnectionOperator.connect(DefaultHttpClientConnectionOperator.java:151)
	at org.apache.http.impl.conn.PoolingHttpClientConnectionManager.connect(PoolingHttpClientConnectionManager.java:353)
	at org.apache.http.impl.execchain.MainClientExec.establishRoute(MainClientExec.java:380)
	at org.apache.http.impl.execchain.MainClientExec.execute(MainClientExec.java:236)
	at org.apache.http.impl.execchain.ProtocolExec.execute(ProtocolExec.java:184)
	at org.apache.http.impl.execchain.RetryExec.execute(RetryExec.java:88)
	at org.apache.http.impl.execchain.RedirectExec.execute(RedirectExec.java:110)
	at org.apache.http.impl.client.InternalHttpClient.doExecute(InternalHttpClient.java:184)
	at org.apache.http.impl.client.CloseableHttpClient.execute(CloseableHttpClient.java:71)
	at org.apache.http.impl.client.CloseableHttpClient.execute(CloseableHttpClient.java:55)
	at org.openqa.selenium.remote.internal.ApacheHttpClient.fallBackExecute(ApacheHttpClient.java:143)
	at org.openqa.selenium.remote.internal.ApacheHttpClient.execute(ApacheHttpClient.java:89)
	at org.openqa.selenium.remote.HttpCommandExecutor.execute(HttpCommandExecutor.java:142)
	at org.openqa.selenium.remote.service.DriverCommandExecutor.execute(DriverCommandExecutor.java:82)
	... 72 more
Caused by: java.net.ConnectException: Connection refused
	at java.net.PlainSocketImpl.socketConnect(Native Method)
	at java.net.AbstractPlainSocketImpl.doConnect(AbstractPlainSocketImpl.java:350)
	at java.net.AbstractPlainSocketImpl.connectToAddress(AbstractPlainSocketImpl.java:206)
	at java.net.AbstractPlainSocketImpl.connect(AbstractPlainSocketImpl.java:188)
	at java.net.SocksSocketImpl.connect(SocksSocketImpl.java:392)
	at java.net.Socket.connect(Socket.java:589)
	at org.apache.http.conn.socket.PlainConnectionSocketFactory.connectSocket(PlainConnectionSocketFactory.java:74)
	at org.apache.http.impl.conn.DefaultHttpClientConnectionOperator.connect(DefaultHttpClientConnectionOperator.java:134)
	... 85 more
</pre></div></div>
                    
                                      <div class="output-data"></div>
                                  <div class="skipped"><span class="step-keyword">When  </span><span class="step-name">search for needed product</span><span class="step-duration">0 ms</span></div>
                    
                                      <div class="output-data"></div>
                                  <div class="skipped"><span class="step-keyword">And  </span><span class="step-name">I choose product</span><span class="step-duration">0 ms</span></div>
                    
                                      <div class="output-data"></div>
                                  <div class="skipped"><span class="step-keyword">And  </span><span class="step-name">I add product to Cart</span><span class="step-duration">0 ms</span></div>
                    
                                      <div class="output-data"></div>
                                  <div class="skipped"><span class="step-keyword">And  </span><span class="step-name">I proceed to Shopping Cart page</span><span class="step-duration">0 ms</span></div>
                    
                                      <div class="output-data"></div>
                                  <div class="skipped"><span class="step-keyword">And  </span><span class="step-name">proceed to Checkout page</span><span class="step-duration">0 ms</span></div>
                    
                                      <div class="output-data"></div>
                                  <div class="skipped"><span class="step-keyword">And  </span><span class="step-name">login with existing customer</span><span class="step-duration">0 ms</span></div>
                    
                                      <div class="output-data"></div>
                                  <div class="skipped"><span class="step-keyword">And  </span><span class="step-name">Place order</span><span class="step-duration">0 ms</span></div>
                    
                                      <div class="output-data"></div>
                                  <div class="skipped"><span class="step-keyword">Then  </span><span class="step-name">should see Confirmation page</span><span class="step-duration">0 ms</span></div>
                    
                                      <div class="output-data"></div>
                            
	</div>
	</div>


	<div class="container_12">
		<div class="grid_12 hr"></div>
		<div class="grid_12 footer">
            <p style="text-align:center;">Cucumber-JVM Jenkins Report Plugin - version: cucumber-reporting-0.0.22 - 10-02-2016 17:51:59</p>
		</div>
	</div>
	<div class="clear"></div>
</body>
