[
  {
    "line": 2,
    "elements": [
      {
        "line": 3,
        "name": "Happy path flow - from entering site to purchase confirmation",
        "description": "",
        "id": "e2e-test;happy-path-flow---from-entering-site-to-purchase-confirmation",
        "type": "scenario",
        "keyword": "Scenario",
        "steps": [
          {
            "result": {
              "duration": 7531882451,
              "status": "passed"
            },
            "line": 5,
            "name": "I am on default Dollskill page",
            "match": {
              "location": "dpath.I_am_on_default_Dollskill_page()"
            },
            "keyword": "Given "
          },
          {
            "result": {
              "duration": 11818944584,
              "status": "passed"
            },
            "line": 6,
            "name": "I search for needed product",
            "match": {
              "location": "dpath.I_search_for_needed_product()"
            },
            "keyword": "When "
          },
          {
            "result": {
              "duration": 6475480060,
              "status": "passed"
            },
            "line": 7,
            "name": "choose product",
            "match": {
              "location": "dpath.choose_product()"
            },
            "keyword": "And "
          },
          {
            "result": {
              "duration": 77085611,
              "status": "passed"
            },
            "line": 8,
            "name": "add product to Cart",
            "match": {
              "location": "dpath.add_product_to_Cart()"
            },
            "keyword": "And "
          },
          {
            "result": {
              "duration": 2998158598,
              "status": "passed"
            },
            "line": 9,
            "name": "proceed to Shopping Cart page",
            "match": {
              "location": "dpath.proceed_to_Shopping_Cart_page()"
            },
            "keyword": "And "
          },
          {
            "result": {
              "duration": 3863696235,
              "status": "passed"
            },
            "line": 10,
            "name": "I proceed to Checkout page",
            "match": {
              "location": "dpath.I_proceed_to_Checkout_page()"
            },
            "keyword": "And "
          },
          {
            "result": {
              "duration": 11179757230,
              "status": "passed"
            },
            "line": 11,
            "name": "I login with existing customer",
            "match": {
              "location": "dpath.I_login_with_existing_customer()"
            },
            "keyword": "And "
          },
          {
            "result": {
              "duration": 401157408,
              "error_message": "java.lang.NullPointerException\n\tat org.openqa.selenium.support.ui.ExpectedConditions.elementIfVisible(ExpectedConditions.java:302)\n\tat org.openqa.selenium.support.ui.ExpectedConditions.access$100(ExpectedConditions.java:41)\n\tat org.openqa.selenium.support.ui.ExpectedConditions$7.apply(ExpectedConditions.java:205)\n\tat org.openqa.selenium.support.ui.ExpectedConditions$7.apply(ExpectedConditions.java:201)\n\tat org.openqa.selenium.support.ui.FluentWait.until(FluentWait.java:209)\n\tat com.maven.classes.dpath.I_Place_order(dpath.java:127)\n\tat ✽.And I Place order(dpath.feature:12)\n",
              "status": "failed"
            },
            "line": 12,
            "name": "I Place order",
            "match": {
              "location": "dpath.I_Place_order()"
            },
            "keyword": "And "
          },
          {
            "result": {
              "status": "skipped"
            },
            "line": 13,
            "name": "I should see Confirmation page",
            "match": {
              "location": "dpath.I_should_see_Confirmation_page()"
            },
            "keyword": "Then "
          }
        ]
      }
    ],
    "name": "E2E Test",
    "description": "",
    "id": "e2e-test",
    "keyword": "Feature",
    "uri": "dpath.feature",
    "tags": [
      {
        "line": 1,
        "name": "@smoke"
      }
    ]
  },
  {
    "line": 2,
    "elements": [
      {
        "line": 3,
        "name": "Happy path flow - from entering site to purchase confirmation",
        "description": "",
        "id": "e2e-test;happy-path-flow---from-entering-site-to-purchase-confirmation",
        "type": "scenario",
        "keyword": "Scenario",
        "steps": [
          {
            "result": {
              "duration": 83249033,
              "error_message": "org.openqa.selenium.remote.UnreachableBrowserException: Could not start a new session. Possible causes are invalid address of the remote server or browser start-up failure.\nBuild info: version: \u00272.48.0\u0027, revision: \u0027b7b081a4f1289f17e8ecd38bc67e137c2a12e34a\u0027, time: \u00272015-10-07 09:50:14\u0027\nSystem info: host: \u0027MacBook-Pro-vadim.local\u0027, ip: \u0027192.168.0.187\u0027, os.name: \u0027Mac OS X\u0027, os.arch: \u0027x86_64\u0027, os.version: \u002710.11.3\u0027, java.version: \u00271.8.0_66\u0027\nDriver info: driver.version: ChromeDriver\n\tat org.openqa.selenium.remote.RemoteWebDriver.execute(RemoteWebDriver.java:641)\n\tat org.openqa.selenium.remote.RemoteWebDriver.startSession(RemoteWebDriver.java:247)\n\tat org.openqa.selenium.remote.RemoteWebDriver.\u003cinit\u003e(RemoteWebDriver.java:129)\n\tat org.openqa.selenium.remote.RemoteWebDriver.\u003cinit\u003e(RemoteWebDriver.java:142)\n\tat org.openqa.selenium.chrome.ChromeDriver.\u003cinit\u003e(ChromeDriver.java:170)\n\tat org.openqa.selenium.chrome.ChromeDriver.\u003cinit\u003e(ChromeDriver.java:159)\n\tat org.openqa.selenium.chrome.ChromeDriver.\u003cinit\u003e(ChromeDriver.java:116)\n\tat com.maven.classes.Config.\u003cinit\u003e(Config.java:37)\n\tat com.maven.classes.eeSteps.\u003cinit\u003e(eeSteps.java:20)\n\tat sun.reflect.NativeConstructorAccessorImpl.newInstance0(Native Method)\n\tat sun.reflect.NativeConstructorAccessorImpl.newInstance(NativeConstructorAccessorImpl.java:62)\n\tat sun.reflect.DelegatingConstructorAccessorImpl.newInstance(DelegatingConstructorAccessorImpl.java:45)\n\tat java.lang.reflect.Constructor.newInstance(Constructor.java:422)\n\tat org.picocontainer.injectors.AbstractInjector.newInstance(AbstractInjector.java:145)\n\tat org.picocontainer.injectors.ConstructorInjector$1.run(ConstructorInjector.java:342)\n\tat org.picocontainer.injectors.AbstractInjector$ThreadLocalCyclicDependencyGuard.observe(AbstractInjector.java:270)\n\tat org.picocontainer.injectors.ConstructorInjector.getComponentInstance(ConstructorInjector.java:364)\n\tat org.picocontainer.behaviors.AbstractBehavior.getComponentInstance(AbstractBehavior.java:64)\n\tat org.picocontainer.behaviors.Stored.getComponentInstance(Stored.java:91)\n\tat org.picocontainer.DefaultPicoContainer.getInstance(DefaultPicoContainer.java:698)\n\tat org.picocontainer.DefaultPicoContainer.getComponent(DefaultPicoContainer.java:646)\n\tat org.picocontainer.DefaultPicoContainer.getComponent(DefaultPicoContainer.java:677)\n\tat cucumber.runtime.java.picocontainer.PicoFactory.getInstance(PicoFactory.java:35)\n\tat cucumber.runtime.java.JavaStepDefinition.execute(JavaStepDefinition.java:35)\n\tat cucumber.runtime.StepDefinitionMatch.runStep(StepDefinitionMatch.java:37)\n\tat cucumber.runtime.Runtime.runStep(Runtime.java:298)\n\tat cucumber.runtime.model.StepContainer.runStep(StepContainer.java:44)\n\tat cucumber.runtime.model.StepContainer.runSteps(StepContainer.java:39)\n\tat cucumber.runtime.model.CucumberScenario.run(CucumberScenario.java:48)\n\tat cucumber.runtime.junit.ExecutionUnitRunner.run(ExecutionUnitRunner.java:91)\n\tat cucumber.runtime.junit.FeatureRunner.runChild(FeatureRunner.java:63)\n\tat cucumber.runtime.junit.FeatureRunner.runChild(FeatureRunner.java:18)\n\tat org.junit.runners.ParentRunner$3.run(ParentRunner.java:238)\n\tat org.junit.runners.ParentRunner$1.schedule(ParentRunner.java:63)\n\tat org.junit.runners.ParentRunner.runChildren(ParentRunner.java:236)\n\tat org.junit.runners.ParentRunner.access$000(ParentRunner.java:53)\n\tat org.junit.runners.ParentRunner$2.evaluate(ParentRunner.java:229)\n\tat org.junit.runners.ParentRunner.run(ParentRunner.java:309)\n\tat cucumber.runtime.junit.FeatureRunner.run(FeatureRunner.java:70)\n\tat cucumber.api.junit.Cucumber.runChild(Cucumber.java:89)\n\tat cucumber.api.junit.Cucumber.runChild(Cucumber.java:40)\n\tat org.junit.runners.ParentRunner$3.run(ParentRunner.java:238)\n\tat org.junit.runners.ParentRunner$1.schedule(ParentRunner.java:63)\n\tat org.junit.runners.ParentRunner.runChildren(ParentRunner.java:236)\n\tat org.junit.runners.ParentRunner.access$000(ParentRunner.java:53)\n\tat org.junit.runners.ParentRunner$2.evaluate(ParentRunner.java:229)\n\tat org.junit.runners.ParentRunner.run(ParentRunner.java:309)\n\tat cucumber.api.junit.Cucumber.run(Cucumber.java:94)\n\tat org.junit.runner.JUnitCore.run(JUnitCore.java:160)\n\tat org.junit.runner.JUnitCore.run(JUnitCore.java:138)\n\tat org.testng.junit.JUnit4TestRunner.start(JUnit4TestRunner.java:81)\n\tat org.testng.junit.JUnit4TestRunner.run(JUnit4TestRunner.java:69)\n\tat org.testng.TestRunner$1.run(TestRunner.java:682)\n\tat org.testng.TestRunner.runWorkers(TestRunner.java:1005)\n\tat org.testng.TestRunner.privateRunJUnit(TestRunner.java:713)\n\tat org.testng.TestRunner.run(TestRunner.java:614)\n\tat org.testng.SuiteRunner.runTest(SuiteRunner.java:348)\n\tat org.testng.SuiteRunner.runSequentially(SuiteRunner.java:343)\n\tat org.testng.SuiteRunner.privateRun(SuiteRunner.java:305)\n\tat org.testng.SuiteRunner.run(SuiteRunner.java:254)\n\tat org.testng.SuiteRunnerWorker.runSuite(SuiteRunnerWorker.java:52)\n\tat org.testng.SuiteRunnerWorker.run(SuiteRunnerWorker.java:86)\n\tat org.testng.TestNG.runSuitesSequentially(TestNG.java:1224)\n\tat org.testng.TestNG.runSuitesLocally(TestNG.java:1149)\n\tat org.testng.TestNG.run(TestNG.java:1057)\n\tat org.apache.maven.surefire.testng.TestNGExecutor.run(TestNGExecutor.java:132)\n\tat org.apache.maven.surefire.testng.TestNGDirectoryTestSuite.executeSingleClass(TestNGDirectoryTestSuite.java:112)\n\tat org.apache.maven.surefire.testng.TestNGDirectoryTestSuite.execute(TestNGDirectoryTestSuite.java:99)\n\tat org.apache.maven.surefire.testng.TestNGProvider.invoke(TestNGProvider.java:147)\n\tat org.apache.maven.surefire.booter.ForkedBooter.invokeProviderInSameClassLoader(ForkedBooter.java:290)\n\tat org.apache.maven.surefire.booter.ForkedBooter.runSuitesInProcess(ForkedBooter.java:242)\n\tat org.apache.maven.surefire.booter.ForkedBooter.main(ForkedBooter.java:121)\n\tat ✽.Given I am on Dollskill page(eetest.feature:5)\nCaused by: org.openqa.selenium.WebDriverException: org.apache.http.conn.HttpHostConnectException: Connect to localhost:1985 [localhost/127.0.0.1, localhost/0:0:0:0:0:0:0:1] failed: Connection refused\nBuild info: version: \u00272.48.0\u0027, revision: \u0027b7b081a4f1289f17e8ecd38bc67e137c2a12e34a\u0027, time: \u00272015-10-07 09:50:14\u0027\nSystem info: host: \u0027MacBook-Pro-vadim.local\u0027, ip: \u0027192.168.0.187\u0027, os.name: \u0027Mac OS X\u0027, os.arch: \u0027x86_64\u0027, os.version: \u002710.11.3\u0027, java.version: \u00271.8.0_66\u0027\nDriver info: driver.version: ChromeDriver\n\tat org.openqa.selenium.remote.service.DriverCommandExecutor.execute(DriverCommandExecutor.java:91)\n\tat org.openqa.selenium.remote.RemoteWebDriver.execute(RemoteWebDriver.java:620)\n\tat org.openqa.selenium.remote.RemoteWebDriver.startSession(RemoteWebDriver.java:247)\n\tat org.openqa.selenium.remote.RemoteWebDriver.\u003cinit\u003e(RemoteWebDriver.java:129)\n\tat org.openqa.selenium.remote.RemoteWebDriver.\u003cinit\u003e(RemoteWebDriver.java:142)\n\tat org.openqa.selenium.chrome.ChromeDriver.\u003cinit\u003e(ChromeDriver.java:170)\n\tat org.openqa.selenium.chrome.ChromeDriver.\u003cinit\u003e(ChromeDriver.java:159)\n\tat org.openqa.selenium.chrome.ChromeDriver.\u003cinit\u003e(ChromeDriver.java:116)\n\tat com.maven.classes.Config.\u003cinit\u003e(Config.java:37)\n\tat com.maven.classes.eeSteps.\u003cinit\u003e(eeSteps.java:20)\n\tat sun.reflect.NativeConstructorAccessorImpl.newInstance0(Native Method)\n\tat sun.reflect.NativeConstructorAccessorImpl.newInstance(NativeConstructorAccessorImpl.java:62)\n\tat sun.reflect.DelegatingConstructorAccessorImpl.newInstance(DelegatingConstructorAccessorImpl.java:45)\n\tat java.lang.reflect.Constructor.newInstance(Constructor.java:422)\n\tat org.picocontainer.injectors.AbstractInjector.newInstance(AbstractInjector.java:145)\n\tat org.picocontainer.injectors.ConstructorInjector$1.run(ConstructorInjector.java:342)\n\tat org.picocontainer.injectors.AbstractInjector$ThreadLocalCyclicDependencyGuard.observe(AbstractInjector.java:270)\n\tat org.picocontainer.injectors.ConstructorInjector.getComponentInstance(ConstructorInjector.java:364)\n\tat org.picocontainer.behaviors.AbstractBehavior.getComponentInstance(AbstractBehavior.java:64)\n\tat org.picocontainer.behaviors.Stored.getComponentInstance(Stored.java:91)\n\tat org.picocontainer.DefaultPicoContainer.getInstance(DefaultPicoContainer.java:698)\n\tat org.picocontainer.DefaultPicoContainer.getComponent(DefaultPicoContainer.java:646)\n\tat org.picocontainer.DefaultPicoContainer.getComponent(DefaultPicoContainer.java:677)\n\tat cucumber.runtime.java.picocontainer.PicoFactory.getInstance(PicoFactory.java:35)\n\tat cucumber.runtime.java.JavaStepDefinition.execute(JavaStepDefinition.java:35)\n\tat cucumber.runtime.StepDefinitionMatch.runStep(StepDefinitionMatch.java:37)\n\tat cucumber.runtime.Runtime.runStep(Runtime.java:298)\n\tat cucumber.runtime.model.StepContainer.runStep(StepContainer.java:44)\n\tat cucumber.runtime.model.StepContainer.runSteps(StepContainer.java:39)\n\tat cucumber.runtime.model.CucumberScenario.run(CucumberScenario.java:48)\n\tat cucumber.runtime.junit.ExecutionUnitRunner.run(ExecutionUnitRunner.java:91)\n\tat cucumber.runtime.junit.FeatureRunner.runChild(FeatureRunner.java:63)\n\tat cucumber.runtime.junit.FeatureRunner.runChild(FeatureRunner.java:18)\n\tat org.junit.runners.ParentRunner$3.run(ParentRunner.java:238)\n\tat org.junit.runners.ParentRunner$1.schedule(ParentRunner.java:63)\n\tat org.junit.runners.ParentRunner.runChildren(ParentRunner.java:236)\n\tat org.junit.runners.ParentRunner.access$000(ParentRunner.java:53)\n\tat org.junit.runners.ParentRunner$2.evaluate(ParentRunner.java:229)\n\tat org.junit.runners.ParentRunner.run(ParentRunner.java:309)\n\tat cucumber.runtime.junit.FeatureRunner.run(FeatureRunner.java:70)\n\tat cucumber.api.junit.Cucumber.runChild(Cucumber.java:89)\n\tat cucumber.api.junit.Cucumber.runChild(Cucumber.java:40)\n\tat org.junit.runners.ParentRunner$3.run(ParentRunner.java:238)\n\tat org.junit.runners.ParentRunner$1.schedule(ParentRunner.java:63)\n\tat org.junit.runners.ParentRunner.runChildren(ParentRunner.java:236)\n\tat org.junit.runners.ParentRunner.access$000(ParentRunner.java:53)\n\tat org.junit.runners.ParentRunner$2.evaluate(ParentRunner.java:229)\n\tat org.junit.runners.ParentRunner.run(ParentRunner.java:309)\n\tat cucumber.api.junit.Cucumber.run(Cucumber.java:94)\n\tat org.junit.runner.JUnitCore.run(JUnitCore.java:160)\n\tat org.junit.runner.JUnitCore.run(JUnitCore.java:138)\n\tat org.testng.junit.JUnit4TestRunner.start(JUnit4TestRunner.java:81)\n\tat org.testng.junit.JUnit4TestRunner.run(JUnit4TestRunner.java:69)\n\tat org.testng.TestRunner$1.run(TestRunner.java:682)\n\tat org.testng.TestRunner.runWorkers(TestRunner.java:1005)\n\tat org.testng.TestRunner.privateRunJUnit(TestRunner.java:713)\n\tat org.testng.TestRunner.run(TestRunner.java:614)\n\tat org.testng.SuiteRunner.runTest(SuiteRunner.java:348)\n\tat org.testng.SuiteRunner.runSequentially(SuiteRunner.java:343)\n\tat org.testng.SuiteRunner.privateRun(SuiteRunner.java:305)\n\tat org.testng.SuiteRunner.run(SuiteRunner.java:254)\n\tat org.testng.SuiteRunnerWorker.runSuite(SuiteRunnerWorker.java:52)\n\tat org.testng.SuiteRunnerWorker.run(SuiteRunnerWorker.java:86)\n\tat org.testng.TestNG.runSuitesSequentially(TestNG.java:1224)\n\tat org.testng.TestNG.runSuitesLocally(TestNG.java:1149)\n\tat org.testng.TestNG.run(TestNG.java:1057)\n\tat org.apache.maven.surefire.testng.TestNGExecutor.run(TestNGExecutor.java:132)\n\tat org.apache.maven.surefire.testng.TestNGDirectoryTestSuite.executeSingleClass(TestNGDirectoryTestSuite.java:112)\n\tat org.apache.maven.surefire.testng.TestNGDirectoryTestSuite.execute(TestNGDirectoryTestSuite.java:99)\n\tat org.apache.maven.surefire.testng.TestNGProvider.invoke(TestNGProvider.java:147)\n\tat org.apache.maven.surefire.booter.ForkedBooter.invokeProviderInSameClassLoader(ForkedBooter.java:290)\n\tat org.apache.maven.surefire.booter.ForkedBooter.runSuitesInProcess(ForkedBooter.java:242)\n\tat org.apache.maven.surefire.booter.ForkedBooter.main(ForkedBooter.java:121)\nCaused by: org.apache.http.conn.HttpHostConnectException: Connect to localhost:1985 [localhost/127.0.0.1, localhost/0:0:0:0:0:0:0:1] failed: Connection refused\n\tat org.apache.http.impl.conn.DefaultHttpClientConnectionOperator.connect(DefaultHttpClientConnectionOperator.java:151)\n\tat org.apache.http.impl.conn.PoolingHttpClientConnectionManager.connect(PoolingHttpClientConnectionManager.java:353)\n\tat org.apache.http.impl.execchain.MainClientExec.establishRoute(MainClientExec.java:380)\n\tat org.apache.http.impl.execchain.MainClientExec.execute(MainClientExec.java:236)\n\tat org.apache.http.impl.execchain.ProtocolExec.execute(ProtocolExec.java:184)\n\tat org.apache.http.impl.execchain.RetryExec.execute(RetryExec.java:88)\n\tat org.apache.http.impl.execchain.RedirectExec.execute(RedirectExec.java:110)\n\tat org.apache.http.impl.client.InternalHttpClient.doExecute(InternalHttpClient.java:184)\n\tat org.apache.http.impl.client.CloseableHttpClient.execute(CloseableHttpClient.java:71)\n\tat org.apache.http.impl.client.CloseableHttpClient.execute(CloseableHttpClient.java:55)\n\tat org.openqa.selenium.remote.internal.ApacheHttpClient.fallBackExecute(ApacheHttpClient.java:143)\n\tat org.openqa.selenium.remote.internal.ApacheHttpClient.execute(ApacheHttpClient.java:89)\n\tat org.openqa.selenium.remote.HttpCommandExecutor.execute(HttpCommandExecutor.java:142)\n\tat org.openqa.selenium.remote.service.DriverCommandExecutor.execute(DriverCommandExecutor.java:82)\n\t... 72 more\nCaused by: java.net.ConnectException: Connection refused\n\tat java.net.PlainSocketImpl.socketConnect(Native Method)\n\tat java.net.AbstractPlainSocketImpl.doConnect(AbstractPlainSocketImpl.java:350)\n\tat java.net.AbstractPlainSocketImpl.connectToAddress(AbstractPlainSocketImpl.java:206)\n\tat java.net.AbstractPlainSocketImpl.connect(AbstractPlainSocketImpl.java:188)\n\tat java.net.SocksSocketImpl.connect(SocksSocketImpl.java:392)\n\tat java.net.Socket.connect(Socket.java:589)\n\tat org.apache.http.conn.socket.PlainConnectionSocketFactory.connectSocket(PlainConnectionSocketFactory.java:74)\n\tat org.apache.http.impl.conn.DefaultHttpClientConnectionOperator.connect(DefaultHttpClientConnectionOperator.java:134)\n\t... 85 more\n",
              "status": "failed"
            },
            "line": 5,
            "name": "I am on Dollskill page",
            "match": {
              "location": "eeSteps.iAmOnDollskillPage()"
            },
            "keyword": "Given "
          },
          {
            "result": {
              "status": "skipped"
            },
            "line": 6,
            "name": "search for needed product",
            "match": {
              "location": "eeSteps.searchForNeededProduct()"
            },
            "keyword": "When "
          },
          {
            "result": {
              "status": "skipped"
            },
            "line": 7,
            "name": "I choose product",
            "match": {
              "location": "eeSteps.iChooseProduct()"
            },
            "keyword": "And "
          },
          {
            "result": {
              "status": "skipped"
            },
            "line": 8,
            "name": "I add product to Cart",
            "match": {
              "location": "eeSteps.iAddProductToCart()"
            },
            "keyword": "And "
          },
          {
            "result": {
              "status": "skipped"
            },
            "line": 9,
            "name": "I proceed to Shopping Cart page",
            "match": {
              "location": "eeSteps.iProceedToShoppingCartPage()"
            },
            "keyword": "And "
          },
          {
            "result": {
              "status": "skipped"
            },
            "line": 10,
            "name": "proceed to Checkout page",
            "match": {
              "location": "eeSteps.proceedToCheckoutPage()"
            },
            "keyword": "And "
          },
          {
            "result": {
              "status": "skipped"
            },
            "line": 11,
            "name": "login with existing customer",
            "match": {
              "location": "eeSteps.loginWithExistingCustomer()"
            },
            "keyword": "And "
          },
          {
            "result": {
              "status": "skipped"
            },
            "line": 12,
            "name": "Place order",
            "match": {
              "location": "eeSteps.placeOrder()"
            },
            "keyword": "And "
          },
          {
            "result": {
              "status": "skipped"
            },
            "line": 13,
            "name": "should see Confirmation page",
            "match": {
              "location": "eeSteps.shouldSeeConfirmationPage()"
            },
            "keyword": "Then "
          }
        ]
      }
    ],
    "name": "E2E Test",
    "description": "",
    "id": "e2e-test",
    "keyword": "Feature",
    "uri": "eetest.feature",
    "tags": [
      {
        "line": 1,
        "name": "@ee"
      }
    ]
  }
]